<?xml version="1.0" encoding="UTF-8"?>
<!-- Generated by org.testng.reporters.JUnitReportReporter -->
<testsuite skipped="0" hostname="Ankit" name="com.amazon.tests.LaptopPageTests" tests="1" failures="0" timestamp="28 Nov 2021 17:24:14 GMT" time="88.308" errors="0">
  <testcase name="TC01" time="88.308" classname="com.amazon.tests.LaptopPageTests"/>
</testsuite> <!-- com.amazon.tests.LaptopPageTests -->
