<?xml version="1.0" encoding="UTF-8"?>
<!-- Generated by org.testng.reporters.JUnitReportReporter -->
<testsuite skipped="0" hostname="INMAAWN53000190" name="com.amazon.tests.BaseTest" tests="1" failures="0" timestamp="26 Nov 2019 06:10:38 GMT" time="16.697" errors="0">
  <testcase name="dummy" time="16.697" classname="com.amazon.tests.BaseTest"/>
</testsuite> <!-- com.amazon.tests.BaseTest -->
